2020-08-27T14:08:02.883Z [winston-test] info: 
2020-08-27T14:08:14.434Z [winston-test] info: 
2020-08-27T14:08:14.554Z [winston-test] error: uncaughtException: log is not a function
TypeError: log is not a function
    at Server.app.listen (C:\Users\Ahn\Documents\GitHub\React-Management-Tutorial\server\server.js:32:5)
    at Object.onceWrapper (events.js:286:20)
    at Server.emit (events.js:198:13)
    at emitListeningNT (net.js:1313:10)
    at process._tickCallback (internal/process/next_tick.js:63:19)
    at Function.Module.runMain (internal/modules/cjs/loader.js:832:11)
    at startup (internal/bootstrap/node.js:283:19)
    at bootstrapNodeJSCore (internal/bootstrap/node.js:622:3)
2020-08-27T14:08:32.472Z [winston-test] info: Listening on port http://localhost:5557
2020-08-27T14:09:29.939Z [winston-test] info: Listening on port http://localhost:5557
2020-08-27T14:12:41.211Z [winston-test] info: test
2020-08-27T14:13:29.162Z [winston-test] info: 
2020-08-27T14:13:29.284Z [winston-test] error: uncaughtException: log is not a function
TypeError: log is not a function
    at Server.app.listen (C:\Users\Ahn\Documents\GitHub\React-Management-Tutorial\server\server.js:32:5)
    at Object.onceWrapper (events.js:286:20)
    at Server.emit (events.js:198:13)
    at emitListeningNT (net.js:1313:10)
    at process._tickCallback (internal/process/next_tick.js:63:19)
    at Function.Module.runMain (internal/modules/cjs/loader.js:832:11)
    at startup (internal/bootstrap/node.js:283:19)
    at bootstrapNodeJSCore (internal/bootstrap/node.js:622:3)
2020-08-27T14:15:21.664Z [winston-test] info: Listening on port http://localhost:5557
2020-09-01T13:32:39.664Z [winston-test] error: uncaughtException: "Query" defined in resolvers, but not in schema
Error: "Query" defined in resolvers, but not in schema
    at Object.keys.forEach.typeName (C:\Users\Ahn\Documents\GitHub\React-Management-Tutorial\node_modules\@graphql-tools\schema\index.cjs.js:366:23)
    at Array.forEach (<anonymous>)
    at addResolversToSchema (C:\Users\Ahn\Documents\GitHub\React-Management-Tutorial\node_modules\@graphql-tools\schema\index.cjs.js:349:28)
    at makeExecutableSchema (C:\Users\Ahn\Documents\GitHub\React-Management-Tutorial\node_modules\@graphql-tools\schema\index.cjs.js:750:14)
    at Object.<anonymous> (C:\Users\Ahn\Documents\GitHub\React-Management-Tutorial\server\graphql\schema.js:5:16)
    at Module._compile (internal/modules/cjs/loader.js:776:30)
    at Object.Module._extensions..js (internal/modules/cjs/loader.js:787:10)
    at Module.load (internal/modules/cjs/loader.js:653:32)
    at tryModuleLoad (internal/modules/cjs/loader.js:593:12)
    at Function.Module._load (internal/modules/cjs/loader.js:585:3)
    at Module.require (internal/modules/cjs/loader.js:690:17)
    at require (internal/modules/cjs/helpers.js:25:18)
    at Object.<anonymous> (C:\Users\Ahn\Documents\GitHub\React-Management-Tutorial\server\server.js:9:16)
    at Module._compile (internal/modules/cjs/loader.js:776:30)
    at Object.Module._extensions..js (internal/modules/cjs/loader.js:787:10)
    at Module.load (internal/modules/cjs/loader.js:653:32)
2020-09-01T13:33:44.606Z [winston-test] error: uncaughtException: Syntax Error: Expected Name, found "[".
GraphQLError: Syntax Error: Expected Name, found "[".
    at syntaxError (C:\Users\Ahn\Documents\GitHub\React-Management-Tutorial\node_modules\graphql\error\syntaxError.js:15:10)
    at Parser.expectToken (C:\Users\Ahn\Documents\GitHub\React-Management-Tutorial\node_modules\graphql\language\parser.js:1423:40)
    at Parser.parseName (C:\Users\Ahn\Documents\GitHub\React-Management-Tutorial\node_modules\graphql\language\parser.js:92:22)
    at Parser.parseField (C:\Users\Ahn\Documents\GitHub\React-Management-Tutorial\node_modules\graphql\language\parser.js:295:19)
    at Parser.parseSelection (C:\Users\Ahn\Documents\GitHub\React-Management-Tutorial\node_modules\graphql\language\parser.js:278:81)
    at Parser.many (C:\Users\Ahn\Documents\GitHub\React-Management-Tutorial\node_modules\graphql\language\parser.js:1537:26)
    at Parser.parseSelectionSet (C:\Users\Ahn\Documents\GitHub\React-Management-Tutorial\node_modules\graphql\language\parser.js:265:24)
    at Parser.parseOperationDefinition (C:\Users\Ahn\Documents\GitHub\React-Management-Tutorial\node_modules\graphql\language\parser.js:193:26)
    at Parser.parseDefinition (C:\Users\Ahn\Documents\GitHub\React-Management-Tutorial\node_modules\graphql\language\parser.js:131:23)
    at Parser.many (C:\Users\Ahn\Documents\GitHub\React-Management-Tutorial\node_modules\graphql\language\parser.js:1537:26)
    at Parser.parseDocument (C:\Users\Ahn\Documents\GitHub\React-Management-Tutorial\node_modules\graphql\language\parser.js:109:25)
    at Object.parse (C:\Users\Ahn\Documents\GitHub\React-Management-Tutorial\node_modules\graphql\language\parser.js:36:17)
    at types.map.type (C:\Users\Ahn\Documents\GitHub\React-Management-Tutorial\node_modules\@graphql-tools\merge\index.cjs.js:744:28)
    at Array.map (<anonymous>)
    at mergeGraphQLTypes (C:\Users\Ahn\Documents\GitHub\React-Management-Tutorial\node_modules\@graphql-tools\merge\index.cjs.js:736:10)
    at mergeTypeDefs (C:\Users\Ahn\Documents\GitHub\React-Management-Tutorial\node_modules\@graphql-tools\merge\index.cjs.js:715:22)
2020-09-01T13:34:12.334Z [winston-test] error: uncaughtException: Query.allUser defined in resolvers, but not in schema
Error: Query.allUser defined in resolvers, but not in schema
    at Object.keys.forEach.fieldName (C:\Users\Ahn\Documents\GitHub\React-Management-Tutorial\node_modules\@graphql-tools\schema\index.cjs.js:402:35)
    at Array.forEach (<anonymous>)
    at Object.keys.forEach.typeName (C:\Users\Ahn\Documents\GitHub\React-Management-Tutorial\node_modules\@graphql-tools\schema\index.cjs.js:397:44)
    at Array.forEach (<anonymous>)
    at addResolversToSchema (C:\Users\Ahn\Documents\GitHub\React-Management-Tutorial\node_modules\@graphql-tools\schema\index.cjs.js:349:28)
    at makeExecutableSchema (C:\Users\Ahn\Documents\GitHub\React-Management-Tutorial\node_modules\@graphql-tools\schema\index.cjs.js:750:14)
    at Object.<anonymous> (C:\Users\Ahn\Documents\GitHub\React-Management-Tutorial\server\graphql\schema.js:5:16)
    at Module._compile (internal/modules/cjs/loader.js:776:30)
    at Object.Module._extensions..js (internal/modules/cjs/loader.js:787:10)
    at Module.load (internal/modules/cjs/loader.js:653:32)
    at tryModuleLoad (internal/modules/cjs/loader.js:593:12)
    at Function.Module._load (internal/modules/cjs/loader.js:585:3)
    at Module.require (internal/modules/cjs/loader.js:690:17)
    at require (internal/modules/cjs/helpers.js:25:18)
    at Object.<anonymous> (C:\Users\Ahn\Documents\GitHub\React-Management-Tutorial\server\server.js:9:16)
    at Module._compile (internal/modules/cjs/loader.js:776:30)
2020-09-01T13:34:24.767Z [winston-test] error: uncaughtException: graphql is not a function
TypeError: graphql is not a function
    at Object.<anonymous> (C:\Users\Ahn\Documents\GitHub\React-Management-Tutorial\server\server.js:36:3)
    at Module._compile (internal/modules/cjs/loader.js:776:30)
    at Object.Module._extensions..js (internal/modules/cjs/loader.js:787:10)
    at Module.load (internal/modules/cjs/loader.js:653:32)
    at tryModuleLoad (internal/modules/cjs/loader.js:593:12)
    at Function.Module._load (internal/modules/cjs/loader.js:585:3)
    at Function.Module.runMain (internal/modules/cjs/loader.js:829:12)
    at startup (internal/bootstrap/node.js:283:19)
    at bootstrapNodeJSCore (internal/bootstrap/node.js:622:3)
